<?xml version="1.0" encoding="UTF-8"?>
<!-- Generated by org.testng.reporters.JUnitReportReporter -->
<testsuite hostname="Flynn" failures="0" tests="5" name="testPackBarclays.BarclayTestNG" time="19.982" errors="0" timestamp="2023-04-21T18:56:54 IST" skipped="0">
  <testcase classname="testPackBarclays.BarclayTestNG" name="Test1" time="0.228"/>
  <system-out/>
  <testcase classname="testPackBarclays.BarclayTestNG" name="Test5" time="0.039"/>
  <system-out/>
  <testcase classname="testPackBarclays.BarclayTestNG" name="Test2" time="9.835"/>
  <system-out/>
  <testcase classname="testPackBarclays.BarclayTestNG" name="Test3" time="9.828"/>
  <system-out/>
  <testcase classname="testPackBarclays.BarclayTestNG" name="Test4" time="0.052"/>
  <system-out/>
</testsuite> <!-- testPackBarclays.BarclayTestNG -->
