<?xml version="1.0" encoding="UTF-8"?>
<!-- Generated by org.testng.reporters.JUnitReportReporter -->
<testsuite hostname="Flynn" failures="0" tests="5" name="testPackBarclays.BarclayTestNG" time="12.470" errors="0" timestamp="2023-03-03T17:04:32 IST" skipped="0">
  <testcase classname="testPackBarclays.BarclayTestNG" name="Test1" time="0.230"/>
  <system-out/>
  <testcase classname="testPackBarclays.BarclayTestNG" name="Test4" time="0.024"/>
  <system-out/>
  <testcase classname="testPackBarclays.BarclayTestNG" name="Test5" time="0.035"/>
  <system-out/>
  <testcase classname="testPackBarclays.BarclayTestNG" name="Test3" time="6.082"/>
  <system-out/>
  <testcase classname="testPackBarclays.BarclayTestNG" name="Test2" time="6.099"/>
  <system-out/>
</testsuite> <!-- testPackBarclays.BarclayTestNG -->
